<?xml version="1.0" encoding="UTF-8"?>
<!-- Generated by org.testng.reporters.JUnitReportReporter -->
<testsuite hostname="BHAVNAWKS520" failures="0" tests="2" name="com.rrr.tests.LoginTests" time="4.808" errors="0" timestamp="10 Mar 2021 18:22:59 GMT" skipped="0">
  <testcase classname="com.rrr.tests.LoginTests" name="validateLoginPageTitle" time="4.439"/>
  <testcase classname="com.rrr.tests.LoginTests" name="userShouldBeAbleToLoginWithValidCredentials" time="0.369"/>
</testsuite> <!-- com.rrr.tests.LoginTests -->
