<?xml version="1.0" encoding="UTF-8"?>
<!-- Generated by org.testng.reporters.JUnitReportReporter -->
<testsuite hostname="BHAVNAWKS520" failures="0" tests="1" name="com.rrr.tests.HomePageTests" time="13.446" errors="0" timestamp="11 Mar 2021 12:55:41 GMT" skipped="0">
  <testcase classname="com.rrr.tests.HomePageTests" name="userShouldBeRedirectedToContactsPageOnClickingContacts" time="13.446"/>
</testsuite> <!-- com.rrr.tests.HomePageTests -->
