<?xml version="1.0" encoding="UTF-8"?>
<!-- Generated by org.testng.reporters.JUnitReportReporter -->
<testsuite hostname="BHAVNAWKS520" failures="0" tests="2" name="com.rrr.tests.LandingPageTests" time="20.262" errors="0" timestamp="11 Mar 2021 12:55:41 GMT" skipped="0">
  <testcase classname="com.rrr.tests.LandingPageTests" name="validateLandingPageTitle" time="8.065"/>
  <testcase classname="com.rrr.tests.LandingPageTests" name="userShouldBeNavigatedToLoginPageOnClickingLoginButtonOnLangingPage" time="12.197"/>
</testsuite> <!-- com.rrr.tests.LandingPageTests -->
