<?xml version="1.0" encoding="UTF-8"?>
<!-- Generated by org.testng.reporters.JUnitReportReporter -->
<testsuite hostname="BHAVNAWKS520" failures="0" tests="1" name="com.rrr.tests.ContactsPageTests" time="13.089" errors="0" timestamp="11 Mar 2021 12:55:41 GMT" skipped="0">
  <testcase classname="com.rrr.tests.ContactsPageTests" name="validateContactsPageURL" time="13.089"/>
</testsuite> <!-- com.rrr.tests.ContactsPageTests -->
