<?xml version="1.0" encoding="UTF-8"?>
<!-- Generated by org.testng.reporters.JUnitReportReporter -->
<testsuite hostname="BHAVNAWKS520" failures="0" tests="2" name="com.rrr.tests.LoginPageTests" time="21.129" errors="0" timestamp="11 Mar 2021 12:55:41 GMT" skipped="0">
  <testcase classname="com.rrr.tests.LoginPageTests" name="validateLoginPageTitle" time="10.452"/>
  <testcase classname="com.rrr.tests.LoginPageTests" name="userShouldBeAbleToLoginWithValidCredentials" time="10.677"/>
</testsuite> <!-- com.rrr.tests.LoginPageTests -->
